<?xml version="1.0" encoding="UTF-8"?>
<!-- Generated by org.testng.reporters.JUnitXMLReporter -->
<testsuite ignored="0" hostname="DESKTOP-OR3C3K7" failures="0" tests="3" name="Default test" time="6.221" errors="0" timestamp="2022-09-19T15:38:27 IST">
  <testcase classname="com.sgtesting.restApi.ArraySize" name="signin" time="3.605"/>
  <testcase classname="com.sgtesting.restApi.ArraySize" name="createcompany" time="1.177"/>
  <testcase classname="com.sgtesting.restApi.ArraySize" name="getc" time="1.39"/>
</testsuite> <!-- Default test -->
