<?xml version="1.0" encoding="UTF-8"?>
<testng-results ignored="0" total="3" passed="3" failed="0" skipped="0">
  <reporter-output>
  </reporter-output>
  <suite started-at="2022-09-19T15:38:20 IST" name="Default suite" finished-at="2022-09-19T15:38:27 IST" duration-ms="6221">
    <groups>
    </groups>
    <test started-at="2022-09-19T15:38:20 IST" name="Default test" finished-at="2022-09-19T15:38:27 IST" duration-ms="6221">
      <class name="com.sgtesting.restApi.ArraySize">
        <test-method signature="signin()[pri:1, instance:com.sgtesting.restApi.ArraySize@58d75e99]" started-at="2022-09-19T15:38:20 IST" name="signin" finished-at="2022-09-19T15:38:24 IST" duration-ms="3605" status="PASS">
          <reporter-output>
          </reporter-output>
        </test-method> <!-- signin -->
        <test-method signature="createcompany()[pri:2, instance:com.sgtesting.restApi.ArraySize@58d75e99]" started-at="2022-09-19T15:38:24 IST" name="createcompany" finished-at="2022-09-19T15:38:25 IST" duration-ms="1177" status="PASS">
          <reporter-output>
          </reporter-output>
        </test-method> <!-- createcompany -->
        <test-method signature="getc()[pri:3, instance:com.sgtesting.restApi.ArraySize@58d75e99]" started-at="2022-09-19T15:38:25 IST" name="getc" finished-at="2022-09-19T15:38:27 IST" duration-ms="1390" status="PASS">
          <reporter-output>
          </reporter-output>
        </test-method> <!-- getc -->
      </class> <!-- com.sgtesting.restApi.ArraySize -->
    </test> <!-- Default test -->
  </suite> <!-- Default suite -->
</testng-results>
